  Cfg.cpp
e:\projlab\citydetectiontracking\cameraclibration\camera_calibration_2\windows\include\cfg.cpp(7): warning C4996: 'strcpy': This function or variable may be unsafe. Consider using strcpy_s instead. To disable deprecation, use _CRT_SECURE_NO_WARNINGS. See online help for details.
  c:\program files (x86)\windows kits\10\include\10.0.10240.0\ucrt\string.h(119): note: see declaration of 'strcpy'
e:\projlab\citydetectiontracking\cameraclibration\camera_calibration_2\windows\include\cfg.cpp(9): warning C4996: 'strcpy': This function or variable may be unsafe. Consider using strcpy_s instead. To disable deprecation, use _CRT_SECURE_NO_WARNINGS. See online help for details.
  c:\program files (x86)\windows kits\10\include\10.0.10240.0\ucrt\string.h(119): note: see declaration of 'strcpy'
e:\projlab\citydetectiontracking\cameraclibration\camera_calibration_2\windows\include\cfg.cpp(49): warning C4267: '=': conversion from 'size_t' to 'long', possible loss of data
e:\projlab\citydetectiontracking\cameraclibration\camera_calibration_2\windows\include\cfg.cpp(56): warning C4267: 'initializing': conversion from 'size_t' to 'int', possible loss of data
e:\projlab\citydetectiontracking\cameraclibration\camera_calibration_2\windows\include\cfg.cpp(60): warning C4267: '=': conversion from 'size_t' to 'int', possible loss of data
e:\projlab\citydetectiontracking\cameraclibration\camera_calibration_2\windows\include\cfg.cpp(64): warning C4267: '=': conversion from 'size_t' to 'int', possible loss of data
e:\projlab\citydetectiontracking\cameraclibration\camera_calibration_2\windows\include\cfg.cpp(68): warning C4267: '=': conversion from 'size_t' to 'int', possible loss of data
e:\projlab\citydetectiontracking\cameraclibration\camera_calibration_2\windows\include\cfg.cpp(72): warning C4267: '=': conversion from 'size_t' to 'int', possible loss of data
e:\projlab\citydetectiontracking\cameraclibration\camera_calibration_2\windows\include\cfg.cpp(76): warning C4267: '=': conversion from 'size_t' to 'int', possible loss of data
e:\projlab\citydetectiontracking\cameraclibration\camera_calibration_2\windows\include\cfg.cpp(80): warning C4267: '=': conversion from 'size_t' to 'int', possible loss of data
e:\projlab\citydetectiontracking\cameraclibration\camera_calibration_2\windows\include\cfg.cpp(84): warning C4267: '=': conversion from 'size_t' to 'int', possible loss of data
e:\projlab\citydetectiontracking\cameraclibration\camera_calibration_2\windows\include\cfg.cpp(88): warning C4267: '=': conversion from 'size_t' to 'int', possible loss of data
e:\projlab\citydetectiontracking\cameraclibration\camera_calibration_2\windows\include\cfg.cpp(92): warning C4267: '=': conversion from 'size_t' to 'int', possible loss of data
e:\projlab\citydetectiontracking\cameraclibration\camera_calibration_2\windows\include\cfg.cpp(96): warning C4267: '=': conversion from 'size_t' to 'int', possible loss of data
e:\projlab\citydetectiontracking\cameraclibration\camera_calibration_2\windows\include\cfg.cpp(100): warning C4267: '=': conversion from 'size_t' to 'int', possible loss of data
e:\projlab\citydetectiontracking\cameraclibration\camera_calibration_2\windows\include\cfg.cpp(104): warning C4267: '=': conversion from 'size_t' to 'int', possible loss of data
e:\projlab\citydetectiontracking\cameraclibration\camera_calibration_2\windows\include\cfg.cpp(108): warning C4267: '=': conversion from 'size_t' to 'int', possible loss of data
e:\projlab\citydetectiontracking\cameraclibration\camera_calibration_2\windows\include\cfg.cpp(36): warning C4996: 'fopen': This function or variable may be unsafe. Consider using fopen_s instead. To disable deprecation, use _CRT_SECURE_NO_WARNINGS. See online help for details.
  c:\program files (x86)\windows kits\10\include\10.0.10240.0\ucrt\stdio.h(205): note: see declaration of 'fopen'
e:\projlab\citydetectiontracking\cameraclibration\camera_calibration_2\windows\include\cfg.cpp(58): warning C4996: 'strcpy': This function or variable may be unsafe. Consider using strcpy_s instead. To disable deprecation, use _CRT_SECURE_NO_WARNINGS. See online help for details.
  c:\program files (x86)\windows kits\10\include\10.0.10240.0\ucrt\string.h(119): note: see declaration of 'strcpy'
e:\projlab\citydetectiontracking\cameraclibration\camera_calibration_2\windows\include\cfg.cpp(62): warning C4996: 'strcpy': This function or variable may be unsafe. Consider using strcpy_s instead. To disable deprecation, use _CRT_SECURE_NO_WARNINGS. See online help for details.
  c:\program files (x86)\windows kits\10\include\10.0.10240.0\ucrt\string.h(119): note: see declaration of 'strcpy'
e:\projlab\citydetectiontracking\cameraclibration\camera_calibration_2\windows\include\cfg.cpp(126): warning C4267: '=': conversion from 'size_t' to 'int', possible loss of data
e:\projlab\citydetectiontracking\cameraclibration\camera_calibration_2\windows\include\cfg.cpp(127): warning C4267: '=': conversion from 'size_t' to 'int', possible loss of data
e:\projlab\citydetectiontracking\cameraclibration\camera_calibration_2\windows\include\cfg.cpp(136): warning C4267: '=': conversion from 'size_t' to 'int', possible loss of data
e:\projlab\citydetectiontracking\cameraclibration\camera_calibration_2\windows\include\cfg.cpp(137): warning C4267: '=': conversion from 'size_t' to 'int', possible loss of data
e:\projlab\citydetectiontracking\cameraclibration\camera_calibration_2\windows\include\cfg.cpp(138): warning C4267: '=': conversion from 'size_t' to 'int', possible loss of data
e:\projlab\citydetectiontracking\cameraclibration\camera_calibration_2\windows\include\cfg.cpp(148): warning C4267: '=': conversion from 'size_t' to 'int', possible loss of data
e:\projlab\citydetectiontracking\cameraclibration\camera_calibration_2\windows\include\cfg.cpp(149): warning C4267: '=': conversion from 'size_t' to 'int', possible loss of data
e:\projlab\citydetectiontracking\cameraclibration\camera_calibration_2\windows\include\cfg.cpp(150): warning C4267: '=': conversion from 'size_t' to 'int', possible loss of data
e:\projlab\citydetectiontracking\cameraclibration\camera_calibration_2\windows\include\cfg.cpp(153): warning C4244: 'return': conversion from 'double' to 'float', possible loss of data
e:\projlab\citydetectiontracking\cameraclibration\camera_calibration_2\windows\include\cfg.cpp(160): warning C4267: '=': conversion from 'size_t' to 'int', possible loss of data
e:\projlab\citydetectiontracking\cameraclibration\camera_calibration_2\windows\include\cfg.cpp(161): warning C4267: '=': conversion from 'size_t' to 'int', possible loss of data
e:\projlab\citydetectiontracking\cameraclibration\camera_calibration_2\windows\include\cfg.cpp(162): warning C4267: '=': conversion from 'size_t' to 'int', possible loss of data
e:\projlab\citydetectiontracking\cameraclibration\camera_calibration_2\windows\include\cfg.cpp(176): warning C4267: '=': conversion from 'size_t' to 'int', possible loss of data
e:\projlab\citydetectiontracking\cameraclibration\camera_calibration_2\windows\include\cfg.cpp(177): warning C4267: '=': conversion from 'size_t' to 'int', possible loss of data
e:\projlab\citydetectiontracking\cameraclibration\camera_calibration_2\windows\include\cfg.cpp(179): warning C4267: '=': conversion from 'size_t' to 'int', possible loss of data
e:\projlab\citydetectiontracking\cameraclibration\camera_calibration_2\windows\include\cfg.cpp(180): warning C4244: 'argument': conversion from 'double' to 'int', possible loss of data
e:\projlab\citydetectiontracking\cameraclibration\camera_calibration_2\windows\include\cfg.cpp(190): warning C4267: '=': conversion from 'size_t' to 'int', possible loss of data
e:\projlab\citydetectiontracking\cameraclibration\camera_calibration_2\windows\include\cfg.cpp(191): warning C4267: '=': conversion from 'size_t' to 'int', possible loss of data
e:\projlab\citydetectiontracking\cameraclibration\camera_calibration_2\windows\include\cfg.cpp(195): warning C4267: '=': conversion from 'size_t' to 'int', possible loss of data
e:\projlab\citydetectiontracking\cameraclibration\camera_calibration_2\windows\include\cfg.cpp(198): warning C4244: 'argument': conversion from 'double' to 'float', possible loss of data
e:\projlab\citydetectiontracking\cameraclibration\camera_calibration_2\windows\include\cfg.cpp(210): warning C4267: '=': conversion from 'size_t' to 'int', possible loss of data
e:\projlab\citydetectiontracking\cameraclibration\camera_calibration_2\windows\include\cfg.cpp(211): warning C4267: '=': conversion from 'size_t' to 'int', possible loss of data
e:\projlab\citydetectiontracking\cameraclibration\camera_calibration_2\windows\include\cfg.cpp(215): warning C4267: '=': conversion from 'size_t' to 'int', possible loss of data
e:\projlab\citydetectiontracking\cameraclibration\camera_calibration_2\windows\include\cfg.cpp(216): warning C4267: '=': conversion from 'size_t' to 'int', possible loss of data
e:\projlab\citydetectiontracking\cameraclibration\camera_calibration_2\windows\include\cfg.cpp(218): warning C4267: '=': conversion from 'size_t' to 'int', possible loss of data
e:\projlab\citydetectiontracking\cameraclibration\camera_calibration_2\windows\include\cfg.cpp(207): warning C4101: 'nValLen': unreferenced local variable
e:\projlab\citydetectiontracking\cameraclibration\camera_calibration_2\windows\include\cfg.cpp(170): warning C4715: 'CCfg::rdBool': not all control paths return a value
  cameraClibration.vcxproj -> E:\ProjLAB\CityDetectionTracking\cameraClibration\Camera_Calibration_2\windows\x64\Debug\cameraClibration.exe
  cameraClibration.vcxproj -> E:\ProjLAB\CityDetectionTracking\cameraClibration\Camera_Calibration_2\windows\x64\Debug\cameraClibration.pdb (Full PDB)
